<?xml version="1.0" encoding="UTF-8"?>
<testng-results ignored="0" total="1" passed="1" failed="0" skipped="0">
  <reporter-output>
  </reporter-output>
  <suite started-at="2022-10-16T20:12:25 IST" name="Suite" finished-at="2022-10-16T20:12:25 IST" duration-ms="121">
    <groups>
    </groups>
    <test started-at="2022-10-16T20:12:25 IST" name="Test" finished-at="2022-10-16T20:12:25 IST" duration-ms="121">
      <class name="com.Test.Test5">
        <test-method signature="test_5()[pri:0, instance:com.Test.Test5@7c137fd5]" started-at="2022-10-16T20:12:25 IST" name="test_5" finished-at="2022-10-16T20:12:25 IST" duration-ms="39" status="PASS">
          <reporter-output>
          </reporter-output>
        </test-method> <!-- test_5 -->
      </class> <!-- com.Test.Test5 -->
    </test> <!-- Test -->
  </suite> <!-- Suite -->
</testng-results>
